{
"contracts/NFTDutchAuctionERC20Bids.sol":{"l":{"36":0,"37":0,"39":0,"40":0,"41":0,"42":0,"43":0,"44":0,"46":0,"47":0,"49":0,"54":0,"55":0,"62":0,"63":0,"64":0,"66":0,"76":0,"79":0,"85":0,"87":0,"92":0,"99":0,"100":0,"101":0,"103":0},"path":"/Users/habeebuddinmir/Desktop/crypto-dutch-auction/v4.0/contracts/NFTDutchAuctionERC20Bids.sol","s":{"1":0,"2":0,"3":0,"4":0,"5":0,"6":0,"7":0,"8":0,"9":0,"10":0,"11":0,"12":0,"13":0,"14":0,"15":0},"b":{"1":[0,0],"2":[0,0],"3":[0,0],"4":[0,0],"5":[0,0],"6":[0,0],"7":[0,0],"8":[0,0]},"f":{"1":0,"2":0,"3":0,"4":0},"fnMap":{"1":{"name":"initialize","line":35,"loc":{"start":{"line":28,"column":4},"end":{"line":58,"column":4}}},"2":{"name":"getCurrentPrice","line":61,"loc":{"start":{"line":61,"column":4},"end":{"line":68,"column":4}}},"3":{"name":"_authorizeUpgrade","line":72,"loc":{"start":{"line":70,"column":4},"end":{"line":72,"column":35}}},"4":{"name":"bid","line":74,"loc":{"start":{"line":74,"column":4},"end":{"line":104,"column":4}}}},"statementMap":{"1":{"start":{"line":36,"column":8},"end":{"line":36,"column":23}},"2":{"start":{"line":37,"column":8},"end":{"line":37,"column":31}},"3":{"start":{"line":49,"column":8},"end":{"line":49,"column":1580}},"4":{"start":{"line":62,"column":8},"end":{"line":62,"column":57}},"5":{"start":{"line":63,"column":8},"end":{"line":63,"column":2069}},"6":{"start":{"line":64,"column":12},"end":{"line":64,"column":31}},"7":{"start":{"line":66,"column":12},"end":{"line":66,"column":71}},"8":{"start":{"line":76,"column":8},"end":{"line":76,"column":69}},"9":{"start":{"line":79,"column":8},"end":{"line":79,"column":2611}},"10":{"start":{"line":85,"column":8},"end":{"line":85,"column":48}},"11":{"start":{"line":87,"column":8},"end":{"line":87,"column":2937}},"12":{"start":{"line":92,"column":8},"end":{"line":92,"column":3117}},"13":{"start":{"line":100,"column":8},"end":{"line":100,"column":56}},"14":{"start":{"line":101,"column":8},"end":{"line":101,"column":52}},"15":{"start":{"line":103,"column":8},"end":{"line":103,"column":21}}},"branchMap":{"1":{"line":35,"type":"if","locations":[{"start":{"line":35,"column":13},"end":{"line":35,"column":13}},{"start":{"line":35,"column":13},"end":{"line":35,"column":13}}]},"2":{"line":49,"type":"if","locations":[{"start":{"line":49,"column":8},"end":{"line":49,"column":8}},{"start":{"line":49,"column":8},"end":{"line":49,"column":8}}]},"3":{"line":63,"type":"if","locations":[{"start":{"line":63,"column":8},"end":{"line":63,"column":8}},{"start":{"line":63,"column":8},"end":{"line":63,"column":8}}]},"4":{"line":72,"type":"if","locations":[{"start":{"line":72,"column":24},"end":{"line":72,"column":24}},{"start":{"line":72,"column":24},"end":{"line":72,"column":24}}]},"5":{"line":76,"type":"if","locations":[{"start":{"line":76,"column":8},"end":{"line":76,"column":8}},{"start":{"line":76,"column":8},"end":{"line":76,"column":8}}]},"6":{"line":79,"type":"if","locations":[{"start":{"line":79,"column":8},"end":{"line":79,"column":8}},{"start":{"line":79,"column":8},"end":{"line":79,"column":8}}]},"7":{"line":87,"type":"if","locations":[{"start":{"line":87,"column":8},"end":{"line":87,"column":8}},{"start":{"line":87,"column":8},"end":{"line":87,"column":8}}]},"8":{"line":92,"type":"if","locations":[{"start":{"line":92,"column":8},"end":{"line":92,"column":8}},{"start":{"line":92,"column":8},"end":{"line":92,"column":8}}]}}},
"contracts/RandomMusicNFT.sol":{"l":{"18":0,"19":0,"20":0,"22":0,"23":0},"path":"/Users/habeebuddinmir/Desktop/crypto-dutch-auction/v4.0/contracts/RandomMusicNFT.sol","s":{"1":0,"2":0,"3":0,"4":0,"5":0},"b":{"1":[0,0]},"f":{"1":0,"2":0},"fnMap":{"1":{"name":"constructor","line":12,"loc":{"start":{"line":12,"column":4},"end":{"line":12,"column":52}}},"2":{"name":"mintNFT","line":17,"loc":{"start":{"line":14,"column":4},"end":{"line":24,"column":4}}}},"statementMap":{"1":{"start":{"line":18,"column":8},"end":{"line":18,"column":48}},"2":{"start":{"line":19,"column":8},"end":{"line":19,"column":35}},"3":{"start":{"line":20,"column":8},"end":{"line":20,"column":41}},"4":{"start":{"line":22,"column":8},"end":{"line":22,"column":28}},"5":{"start":{"line":23,"column":8},"end":{"line":23,"column":25}}},"branchMap":{"1":{"line":17,"type":"if","locations":[{"start":{"line":17,"column":13},"end":{"line":17,"column":13}},{"start":{"line":17,"column":13},"end":{"line":17,"column":13}}]}}},
"contracts/TempoToken.sol":{"l":{"9":0,"13":0},"path":"/Users/habeebuddinmir/Desktop/crypto-dutch-auction/v4.0/contracts/TempoToken.sol","s":{"1":0,"2":0},"b":{"1":[0,0]},"f":{"1":0,"2":0},"fnMap":{"1":{"name":"constructor","line":8,"loc":{"start":{"line":8,"column":4},"end":{"line":10,"column":4}}},"2":{"name":"mint","line":12,"loc":{"start":{"line":12,"column":4},"end":{"line":14,"column":4}}}},"statementMap":{"1":{"start":{"line":9,"column":8},"end":{"line":9,"column":31}},"2":{"start":{"line":13,"column":8},"end":{"line":13,"column":24}}},"branchMap":{"1":{"line":12,"type":"if","locations":[{"start":{"line":12,"column":53},"end":{"line":12,"column":53}},{"start":{"line":12,"column":53},"end":{"line":12,"column":53}}]}}}}
