TN:
SF:/Users/habeebuddinmir/Desktop/crypto-dutch-auction/v4.0/contracts/NFTDutchAuctionERC20Bids.sol
FN:35,initialize
FN:61,getCurrentPrice
FN:72,_authorizeUpgrade
FN:74,bid
FNF:4
FNH:0
FNDA:0,initialize
FNDA:0,getCurrentPrice
FNDA:0,_authorizeUpgrade
FNDA:0,bid
DA:36,0
DA:37,0
DA:39,0
DA:40,0
DA:41,0
DA:42,0
DA:43,0
DA:44,0
DA:46,0
DA:47,0
DA:49,0
DA:54,0
DA:55,0
DA:62,0
DA:63,0
DA:64,0
DA:66,0
DA:76,0
DA:79,0
DA:85,0
DA:87,0
DA:92,0
DA:99,0
DA:100,0
DA:101,0
DA:103,0
LF:26
LH:0
BRDA:35,1,0,0
BRDA:35,1,1,0
BRDA:49,2,0,0
BRDA:49,2,1,0
BRDA:63,3,0,0
BRDA:63,3,1,0
BRDA:72,4,0,0
BRDA:72,4,1,0
BRDA:76,5,0,0
BRDA:76,5,1,0
BRDA:79,6,0,0
BRDA:79,6,1,0
BRDA:87,7,0,0
BRDA:87,7,1,0
BRDA:92,8,0,0
BRDA:92,8,1,0
BRF:16
BRH:0
end_of_record
TN:
SF:/Users/habeebuddinmir/Desktop/crypto-dutch-auction/v4.0/contracts/RandomMusicNFT.sol
FN:12,constructor
FN:17,mintNFT
FNF:2
FNH:0
FNDA:0,constructor
FNDA:0,mintNFT
DA:18,0
DA:19,0
DA:20,0
DA:22,0
DA:23,0
LF:5
LH:0
BRDA:17,1,0,0
BRDA:17,1,1,0
BRF:2
BRH:0
end_of_record
TN:
SF:/Users/habeebuddinmir/Desktop/crypto-dutch-auction/v4.0/contracts/TempoToken.sol
FN:8,constructor
FN:12,mint
FNF:2
FNH:0
FNDA:0,constructor
FNDA:0,mint
DA:9,0
DA:13,0
LF:2
LH:0
BRDA:12,1,0,0
BRDA:12,1,1,0
BRF:2
BRH:0
end_of_record
